<?xml version="1.0" encoding="UTF-8"?>
<testng-results skipped="0" failed="0" ignored="0" total="2" passed="2">
  <reporter-output>
  </reporter-output>
  <suite name="Default suite" duration-ms="103397" started-at="2017-09-18T15:15:31Z" finished-at="2017-09-18T15:17:15Z">
    <groups>
    </groups>
    <test name="Default test" duration-ms="103397" started-at="2017-09-18T15:15:31Z" finished-at="2017-09-18T15:17:15Z">
      <class name="com.democart.Tests.CreateOrder">
        <test-method status="PASS" signature="setup()[pri:0, instance:com.democart.Tests.CreateOrder@42e26948]" name="setup" is-config="true" duration-ms="11284" started-at="2017-09-18T20:45:31Z" finished-at="2017-09-18T20:45:42Z">
          <reporter-output>
          </reporter-output>
        </test-method> <!-- setup -->
        <test-method status="PASS" signature="testOrderWithRegisteredUser()[pri:1, instance:com.democart.Tests.CreateOrder@42e26948]" name="testOrderWithRegisteredUser" duration-ms="56270" started-at="2017-09-18T20:45:42Z" finished-at="2017-09-18T20:46:39Z">
          <reporter-output>
          </reporter-output>
        </test-method> <!-- testOrderWithRegisteredUser -->
        <test-method status="PASS" signature="testOrderWithNewUser()[pri:2, instance:com.democart.Tests.CreateOrder@42e26948]" name="testOrderWithNewUser" duration-ms="34966" started-at="2017-09-18T20:46:39Z" finished-at="2017-09-18T20:47:14Z">
          <reporter-output>
          </reporter-output>
        </test-method> <!-- testOrderWithNewUser -->
        <test-method status="PASS" signature="cleanUp()[pri:0, instance:com.democart.Tests.CreateOrder@42e26948]" name="cleanUp" is-config="true" duration-ms="869" started-at="2017-09-18T20:47:14Z" finished-at="2017-09-18T20:47:15Z">
          <reporter-output>
          </reporter-output>
        </test-method> <!-- cleanUp -->
      </class> <!-- com.democart.Tests.CreateOrder -->
    </test> <!-- Default test -->
  </suite> <!-- Default suite -->
</testng-results>
